[  0.000000] Initiaizing cgroupsusys cpet
[    0.000000] Iitialiin cro subsyscpu
[   00000] Initializingcgroup subss cacct
[    0.000000] Linux version 4.4.0-21-gneric (buildd@lgw01-21) (gcc version 5.3.1 20160413 (Ubuntu 5.3.1-4ubuntu2) ) #37-Ubuntu SMPonApr 18 18:33:37 UTC 2016 (Uuntu 4.4.0-2.3-generic 4.4.6)
[    0.0000] Comman line:BOOT_IAGE=/ot/vmlinuz-4.4.0-21-generic root=LABEL=cloudimg-rootfs ro console=tty1 console=ttyS0
[    0.000000] KERNEL supported cpus:
[    0.000000]   Intel GenuineIntel
[    0.000000]   AMD AthenticAMD
[    0.000000]   Centaur CentaurHauls
[    0.000000] x86/fpu: xstate_offset[2]:  576, xstate_sizes[2]:  256
[    0.000000] x86/fpu: Suporing XSAVE feature 0x01: 'x87 floating poit regisers'
[    0.000000] x86/fpu: Supporting XSAVE feature 0x02: 'SSE registers'
[    0.000000] x86/fpu: Supporting XSAVEfeure 004: 'AVX registers'
[    0.000000] x86/fpu: Enabled state features 0x7, contextsi is 832 bytes, using 'standar' format.
[   000000] x86/pu: Usin 'lazy' FPU context switches.
[    .0000] e820: BIOS-prvied physical AMap:
[   0.0000] BIOS-820:[mem 0x00000000000000-000000009fbff] usble
[    0.000000] BIOS-e820: [mem 0x000000000009fc00-0x000000000009ffff] reserved
[    .00000] BIO-e820: [mem 0x0000000f000-0x00000000fffff] reserved
[   .00000] BOS-e820: [mem 0x000000000000-0x000000dffeffff] usable
[   0.0000]BIOS-e820: [mem 0x00000000fff0000-0000000dffffff] ACPI daa
[   000000] BIOS-e820: [mem 0x0000000ffc000-0x00000ffffffff] rserved
[    0.00000]BIOS-e820: [mem 0x0000000100000000-0x000000011fffffff] usable
[   .00000] NX (Excute Disable) roecion: active
[    0.00000] SMBOS 2.5 prest.
[   0.00000] Hyperisor detcted: KVM
[    0.0000] e80: last_pfn = 0x120000 mx_arc_pn  0x400000000
[    0.00000] x86/AT Cnfiguration [0-7]: WB  WC  UC- UC  WB  WC  UC- WT  
[    .00000] MTRR: Disabl
    0.000000] CPU MTRRs all blank - virtulized syste.[    0.00000 e80: last_fn= 0dfff0 max_arch_pfn = 0x400000000
[  0000000] oud MP MP-tbleat [mem 0x009ff00x0009ffff] mapped at [ffff88000009fff0]
[    0.000000] Scanning 1 areas for low memory corruption
[    0000000] RAMISK: [mem 0x71c8000-0x378dbfff]
[    0.000000] ACPI: Early table checksum verification disabled
[    0.000000] ACPI: RSDP 0x00000000000E0000 000024 (v02 VBOX  )
[    0.000000] ACPI: XSDT 0x00000000DFFF0030 00003C (v01 VBOX   VBOXXT 00000001 ASL  00000061
   0.000000] ACPI: FACP 0x00000000DFF00F0 000F4 (v04 VBOX   VBOXFCP0000001 ASL  00000061)
[  0.00000] ACPI: DSDT 0x0000000FF040 02106 (01 VOX   VBOXBIOS 00000002 INTL 20100528)
[  0.000000] ACPI: FACS 0x00000000DFFF020 000040
[   0.00000] ACPI: FACS 0x000000FF020 000040
[   000000] API: APC 0x00000000DFFF240 00C (v02 VBOX   BOXAPC 00001 ASL 00000061)
    0.000000] ACPI: SSDT 0x00000000DFFF02A0 0001CC (v01 VBOX   VBOXCPUT 00000002 INTL 20100528)
[   0.000000] No NUMA configuration found
[    0.000000] Faking a node t mem 0x00000000000000x0000011fffffff]
[    .00000] NDE_ATA(0 allcad [memx11ff700-011ffffff]
[    0.000000]kvm-clock: Using msrs 4b564d01 and 4564d00
[   0.00000kvm-cock: cpu 0, ms 1:1fff001,riary cpu clock
[   0.0000] kvm-clock: usin sed offset of 3007709 cycles
[   0.00000] locksorc: vmclck: mask: 0ffffffffffffff mx_cycl: 0x1cd42e4dffb, axdle_ns: 88150591483 s
[   0.000000] Zo ranges:
[   0.00000]   DA    [mem 0x000000000001000-x000000000ffff]
[    0.00000]   DMA3   [mem 0x0000000001000000-0x00000000ffffffff]
[  0.00000]   Norml   me 0x00000000000000-0x000000011ffffff]
[  0.000000]   Device   empty
[    0.000000] Movable zone start for each node
[    0.000000] Early memory node ranges
[    0.0000]   ode   0: [mem 0x00000000000010-0x0000000009efff
[   0.0000]   node   0: [mem 0x00000000010000-0x00000000dffff]
   0.00000]  de   0 [em0x00001000000000x000011ffffff
[   0.000000] Initmem stunode 0 [mem 0x00000000000100-0x00000011fffffff]
[   .00000] ACPI: PM-TimerIO Pot:0x408[    0.00000] IOAPC[]: ap_id 2, erio 17, address 0xfec00000, GSI0-3
[    0.00000] ACPI: INT_SRC_VR(b 0 bu_irq 0 gobl_rq 2 dl dfl
    0.0000] CPI: T_SRC_OVR (us 0 bs_q 9 globl_rq9 highlevel)
[    0.000000] Using ACP (ADT) fo SP onfguraton informatio
[    0.00000]smpboot: Allowing 2 CPUs, 0 hotplug CPUs
[   000000] PMRegstered nosave memory: [mem 0x00000000-0x00000fff]
[  0000000]PM: Reisered nosave memory[mem 00009f000-0x009fff]
[    0.000000  PM:Registered nosav mmoy: [mem x0a0000-0x000effff
[    .00000] P: Rgistered nosave meor: mem 0000000x00fffff]
[   0.000000] M: Regitere nave memory: [me 0xdfff0000-0xdfffffff]
[    0.00000 PM: Registered nosave mmoy: [me 0xe000000-xfffbffff]
[    .000000] P: Registered nosve memory: [mem 0xffc00-0xffffffff]
[    0.000000] e820: [mem 0xe0000000-0xfffbffff] available for PCI devices
[    0.000000] Booting paravirtualized kernel on KVM
[    0.000000] clocksource: refined-jiffies:ask: 0xfffffff max_cyle 0xffffffff, ma_idle_ns: 645516011568 s[    0.0000]setup_erpu: NR_CPUS:256 nr_cpumask_bits:256 nr_cpu_ids:2 nrno_ids:1
[   0.00000] ERPU Embdde 33 pages/cpu @ffff8811fc0000 9808 r192 2868 u4876
[    0.000000] PVqsinlock hsh talentries: 25 (rder: 0, 4096 bytes)
   0.00000] Built 1 onelists i Ne order, mbilty grouping on.  Total pages: 0357
[    0000000] Poicy zoe: Normal
[    0.000000] Kernel command ne: BOOTIMAGE=/boo/vmluz4.4.0-2-genric root=LABEL=cloudmg-rootfs ro console=ty consol=ttyS
[   .000000] PID hash table entries: 4096 (order: 3,32768 bytes)
[    0.00000] emor: 03912K4193848 available (8356K kernelco, 1278K rwdat, 3920Krodata, 47K nit, 129K bss,157936K resered, 0K ma-reserved)
[    0.000000] SLUB: HWalgn=64, Ordr=-3, MinObjecs=, PU2, Nodes1
[    0.000000] Hierarchica RC iplmetaion.
[    0000000] 	Bil-time adjustment of leaf fanout to 64.
[  000000] RCU restricting CPUs from NR_CPUS=256 to nr_pu_id2.
[    0.00000] U: Adjusting geoetryforrcu_fanout_leaf=6 n_cpu_ids2
[   0.000000]NR_IRS:640 nr_irq:44 16
[  .000000] Cnsle colour VGA+ 80x25
[  0.00000]consoe tty1] enable
[    0000000] cosoe ttyS0] eabed
[    0.000000] tsc: Detected 2299.998 MHz processor
[   13.113770] Calibrating delay loop (skipped) preset value.. 4599.99 BogoMIPS (lpj=9199992)
[   13.187624] pid_max: default: 32768 minimum: 301
[   13.214379] ACPI: Core revision 20150930
[   13.236119] ACPI: 2 ACPI AML tables successfully acquired and loaded
[   13.286305] Security Framework initialized
[   13.307469] Yama: becoming mindful.
[   13.329683] AppArmor: AppArmor initialized
[   13.363686] Dentry cache hash table entries: 524288 (order: 10, 4194304 bytes)
[   13.370962] Inode-cache hash table entries: 262144 (order: 9, 2097152 bytes)
[   13.443159] Mount-cache hash table entries: 8192 (order: 4, 65536 bytes)
[   13.455405] Mountpoint-cache hash table entries: 8192 (order: 4, 65536 bytes)
[   13.459805] Initializing cgroup subsys io
[   13.480343] Initializing cgroup subsys memory
[   13.518196] Initializing cgroup subsys devices
[   13.551882] Initializing cgroup subsys freezer
[   13.552994] Initializing cgroup subsys net_cls
[   13.560188] Initializing cgroup subsys perf_event
[   13.576810] Initializing cgroup subsys net_prio
[   13.626090] Initializing cgroup subsys hugetlb
[   13.642886] Initializing cgroup subsys pids
[   13.644089] CPU: Physical Processor ID: 0
[   13.645133] CPU: Processor Core ID: 0
[   13.646103] mce: CPU supports 0 MCE banks
[   13.647085] Last level iTLB entries: 4KB 512, 2MB 8, 4MB 8
[   13.655413] Last level dTLB entries: 4KB 512, 2MB 32, 4MB 32, 1GB 0
[   13.666759] Freeing SMP alternatives memory: 28K (ffffffff820b2000 - ffffffff820b9000)
[   13.775577] ftrace: allocating 31878 entries in 125 pages
[   13.842312] smpboot: Max logical packages: 1
[   13.864175] smpboot: APIC(0) Converting physical 0 to logical package 0
[   13.872837] ..TIMER: vector=0x30 apic1=0 pin1=2 apic2=-1 pin2=-1
[   13.989902] smpboot: CPU0: Intel(R) Core(TM) i7-2820QM CPU @ 2.30GHz (family: 0x6, model: 0x2a, stepping: 0x7)
[   14.127009] Performance Events: unsupported p6 CPU model 42 no PMU driver, software events only.
[   14.186994] KVM setup paravirtual spinlock
[   14.196726] x86: Booting SMP configuration:
[   14.250677] .... node  #0, CPUs:      #1
[   14.259845] kvm-clock: cpu 1, msr 1:1fff3041, secondary cpu clock
[   14.285731] mce: CPU supports 0 MCE banks
[   14.298024] x86: Booted up 1 node, 2 CPUs
[   14.339497] smpboot: Total of 2 processors activated (9199.99 BogoMIPS)
[   14.398959] devtmpfs: initialized
[   14.418503] evm: security.selinux
[   14.426707] evm: security.SMACK64
[   14.443901] evm: security.SMACK64EXEC
[   14.444870] evm: security.SMACK64TRANSMUTE
[   14.450417] evm: security.SMACK64MMAP
[   14.466345] evm: security.ima
[   14.495538] evm: security.capability
[   14.523325] clocksource: jiffies: mask: 0xffffffff max_cycles: 0xffffffff, max_idle_ns: 7645041785100000 ns
[   14.544833] pinctrl core: initialized pinctrl subsystem
[   14.563041] RTC time: 12:29:54, date: 04/30/16
[   14.591077] NET: Registered protocol family 16
[   14.670240] cpuidle: using governor ladder
[   14.726560] cpuidle: using governor menu
[   14.750706] PCCT header not found.
[   14.782426] ACPI: bus type PCI registered
[   14.814704] acpiphp: ACPI Hot Plug PCI Controller Driver version: 0.5
[   14.846915] PCI: Using configuration type 1 for base access
[   14.868053] ACPI: Added _OSI(Module Device)
[   14.898512] ACPI: Added _OSI(Processor Device)
[   14.922406] ACPI: Added _OSI(3.0 _SCP Extensions)
[   14.963167] ACPI: Added _OSI(Processor Aggregator Device)
[   15.007419] ACPI: Executed 1 blocks of module-level executable AML code
[   15.061290] ACPI: Interpreter enabled
[   15.098670] ACPI Exception: AE_NOT_FOUND, While evaluating Sleep State [\_S1_] (20150930/hwxface-580)
[   15.142619] ACPI Exception: AE_NOT_FOUND, While evaluating Sleep State [\_S2_] (20150930/hwxface-580)
[   15.194262] ACPI Exception: AE_NOT_FOUND, While evaluating Sleep State [\_S3_] (20150930/hwxface-580)
[   15.231367] ACPI Exception: AE_NOT_FOUND, While evaluating Sleep State [\_S4_] (20150930/hwxface-580)
[   15.294558] ACPI: (supports S0 S5)
[   15.311937] ACPI: Using IOAPIC for interrupt routing
[   15.313595] PCI: Using host bridge windows from ACPI; if necessary, use "pci=nocrs" and report a bug
[   15.380320] ACPI: PCI Root Bridge [PCI0] (domain 0000 [bus 00-ff])
[   15.446404] acpi PNP0A03:00: _OSC: OS supports [ASPM ClockPM Segments MSI]
[   15.511190] acpi PNP0A03:00: _OSC failed (AE_NOT_FOUND); disabling ASPM
[   15.554316] acpi PNP0A03:00: fail to add MMCONFIG information, can't access extended PCI configuration space under this bridge.
[   15.624663] PCI host bridge to bus 0000:00
[   15.644590] pci_bus 0000:00: root bus resource [io  0x0000-0x0cf7 window]
[   15.684799] pci_bus 0000:00: root bus resource [io  0x0d00-0xffff window]
[   15.708390] pci_bus 0000:00: root bus resource [mem 0x000a0000-0x000bffff window]
[   15.755620] pci_bus 0000:00: root bus resource [mem 0xe0000000-0xffdfffff window]
[   15.824374] pci_bus 0000:00: root bus resource [bus 00-ff]
[   15.836421] pci 0000:00:01.1: legacy IDE quirk: reg 0x10: [io  0x01f0-0x01f7]
[   15.871828] pci 0000:00:01.1: legacy IDE quirk: reg 0x14: [io  0x03f6]
[   15.920575] pci 0000:00:01.1: legacy IDE quirk: reg 0x18: [io  0x0170-0x0177]
[   15.966550] pci 0000:00:01.1: legacy IDE quirk: reg 0x1c: [io  0x0376]
[   16.106397] ACPI: PCI Interrupt Link [LNKA] (IRQs 5 9 10 11) *0, disabled.
[   16.151136] ACPI: PCI Interrupt Link [LNKB] (IRQs 5 9 10 *11)
[   16.203121] ACPI: PCI Interrupt Link [LNKC] (IRQs 5 9 *10 11)
[   16.236939] ACPI: PCI Interrupt Link [LNKD] (IRQs 5 *9 10 11)
[   16.278994] ACPI: Enabled 2 GPEs in block 00 to 07
[   16.315152] vgaarb: setting as boot device: PCI:0000:00:02.0
[   16.366634] vgaarb: device added: PCI:0000:00:02.0,decodes=io+mem,owns=io+mem,locks=none
[   16.400872] vgaarb: loaded
[   16.403408] vgaarb: bridge control possible 0000:00:02.0
[   16.419226] SCSI subsystem initialized
[   16.432782] ACPI: bus type USB registered
[   16.451684] usbcore: registered new interface driver usbfs
[   16.475153] usbcore: registered new interface driver hub
[   16.495031] usbcore: registered new device driver usb
[   16.512135] PCI: Using ACPI for IRQ routing
[   16.547083] NetLabel: Initializing
[   16.574917] NetLabel:  domain hash size = 128
[   16.642582] NetLabel:  protocols = UNLABELED CIPSOv4
[   16.667300] NetLabel:  unlabeled traffic allowed by default
[   16.712893] clocksource: Switched to clocksource kvm-clock
[   16.73343]Aprmr: AppArmo Flesytem Eable
   17.013307] pp:nPCPI init
[  1198180] npPnPACPI: fun3 evces
[   17.561038] clocksource: acpi_pm: mask: 0xffffff max_cycles: 0xffffff, max_idle_ns: 2085701024 ns
[   17.576793] NET: Registered protocol family 2
[   17.597197] TCP established hash table entries: 32768 (order: 6, 262144 bytes)
[   17.608944] TCP bind hash table entries: 32768 (order: 7, 524288 bytes)
[   17.632670] TCP: Hash tables configured (established 32768 bind 32768)
[   17.669354] UDP hash table entries: 2048 (order: 4, 65536 bytes)
[   17.679021] UDP-Lite hash table entries: 2048 (order: 4, 65536 bytes)
[   17.692876] NET: Registered protocol family 1
[   17.703928] pci 0000:00:00.0: Limiting direct PCI/PCI transfers
[   17.719852] pci 0000:00:01.0: Activating ISA DMA hang workarounds
[   17.735078] Trying to unpack rootfs image as initramfs...
[   19.151763] Freeing initrd memory: 7248K (ffff8800371c8000 - ffff8800378dc000)
[   19.171691] PCI-DMA: Using software bounce buffering for IO (SWIOTLB)
[   19.178588] software IO TLB [mem 0xdbff0000-0xdfff0000] (64MB) mapped at [ffff8800dbff0000-ffff8800dffeffff]
[   19.206645] RAPL PMU detected, API unit is 2^-32 Joules, 3 fixed counters 10737418240 ms ovfl timer
[   19.234521] hw unit of domain pp0-core 2^-0 Joules
[   19.257631] hw unit of domain package 2^-0 Joules
[   19.273668] hw unit of domain pp1-gpu 2^-0 Joules
[   19.293794] platform rtc_cmos: registered platform RTC device (no PNP device found)
[   19.321441] Scanning for low memory corruption every 60 seconds
[   19.331030] futex hash table entries: 512 (order: 3, 32768 bytes)
[   19.347543] audit: initializing netlink subsys (disabled)
[   19.356784] audit: type=2000 audit(1462019388.250:1): initialized
[   19.369730] Initialise system trusted keyring
[   19.381184] HugeTLB registered 2 MB page size, pre-allocated 0 pages
[   19.392011] zbud: loaded
[   19.397269] VFS: Disk quotas dquot_6.6.0
[   19.402415] VFS: Dquot-cache hash table entries: 512 (order 0, 4096 bytes)
[   19.415117] fuse init (API version 7.23)
[   19.428796] Key type big_key registered
[   19.449782] Key type asymmetric registered
[   19.465377] Asymmetric key parser 'x509' registered
[   19.471896] Block layer SCSI generic (bsg) driver version 0.4 loaded (major 249)
[   19.478938] io scheduler noop registered
[   19.492586] io scheduler deadline registered (default)
[   19.500493] io scheduler cfq registered
[   19.509493] pci_hotplug: PCI Hot Plug PCI Core version: 0.5
[   19.527041] pciehp: PCI Express Hot Plug Controller Driver version: 0.4
[   19.541535] ACPI: AC Adapter [AC] (on-line)
[   19.553675] input: Power Button as /devices/LNXSYSTM:00/LNXPWRBN:00/input/input0
[   19.557004] ACPI: Power Button [PWRF]
[   19.559733] input: Sleep Button as /devices/LNXSYSTM:00/LNXSLPBN:00/input/input1
[   19.561580] ACPI: Sleep Button [SLPF]
[   19.590154] GHES: HEST is not enabled!
[   19.591275] ACPI: Battery Slot [BAT0] (battery present)
[   19.627573] Serial: 8250/16550 driver, 32 ports, IRQ sharing enabled
[   19.662827] 00:02: ttyS0 at I/O 0x3f8 (irq = 4, base_baud = 115200) is a 16550A
[   19.676832] Linux agpgart interface v0.103
[   19.707000] brd: module loaded
[   19.721790] loop: module loaded
[   19.736261] scsi host0: ata_piix
[   19.747434] scsi host1: ata_piix
[   19.758614] ata1: PATA max UDMA/33 cmd 0x1f0 ctl 0x3f6 bmdma 0xd000 irq 14
[   19.778787] ata2: PATA max UDMA/33 cmd 0x170 ctl 0x376 bmdma 0xd008 irq 15
[   19.785410] libphy: Fixed MDIO Bus: probed
[   19.791378] tun: Universal TUN/TAP device driver, 1.6
[   19.800169] tun: (C) 1999-2004 Max Krasnyansky <maxk@qualcomm.com>
[   19.809914] PPP generic driver version 2.4.2
[   19.818897] ehci_hcd: USB 2.0 'Enhanced' Host Controller (EHCI) Driver
[   19.835162] ehci-pci: EHCI PCI platform driver
[   19.845967] ehci-platform: EHCI generic platform driver
[   19.856512] ohci_hcd: USB 1.1 'Open' Host Controller (OHCI) Driver
[   19.870436] ohci-pci: OHCI PCI platform driver
[   19.878529] ohci-platform: OHCI generic platform driver
[   19.887262] uhci_hcd: USB Universal Host Controller Interface driver
[   19.903240] i8042: PNP: PS/2 Controller [PNP0303:PS2K,PNP0f03:PS2M] at 0x60,0x64 irq 1,12
[   19.945100] serio: i8042 KBD port at 0x60,0x64 irq 1
[   19.950377] serio: i8042 AUX port at 0x60,0x64 irq 12
[   19.961660] mousedev: PS/2 mouse device common for all mice
[   19.971470] rtc_cmos rtc_cmos: rtc core: registered rtc_cmos as rtc0
[   19.986007] input: AT Translated Set 2 keyboard as /devices/platform/i8042/serio0/input/input2
[   19.989156] rtc_cmos rtc_cmos: alarms up to one day, 114 bytes nvram
[   19.989210] i2c /dev entries driver
[   19.989349] device-mapper: uevent: version 1.0.3
[   20.001496] device-mapper: ioctl: 4.34.0-ioctl (2015-10-28) initialised: dm-devel@redhat.com
[   20.001520] ledtrig-cpu: registered to indicate activity on CPUs
[   20.001922] NET: Registered protocol family 10
[   20.002169] NET: Registered protocol family 17
[   20.002180] Key type dns_resolver registered
[   20.002370] microcode: CPU0 sig=0x206a7, pf=0x10, revision=0x0
[   20.011512] microcode: CPU1 sig=0x206a7, pf=0x10, revision=0x0
[   20.011595] microcode: Microcode Update Driver: v2.01 <tigran@aivazian.fsnet.co.uk>, Peter Oruba
[   20.011752] registered taskstats version 1
[   20.011849] Loading compiled-in X.509 certificates
[   20.012786] Loaded X.509 cert 'Build time autogenerated kernel key: fc7c0e9f152f32eca50ea2d9722926e5127af244'
[   20.012815] zswap: loaded using pool lzo/zbud
[   20.014575] Key type trusted registered
[   20.017792] Key type encrypted registered
[   20.017798] AppArmor: AppArmor sha1 policy hashing enabled
[   20.017801] ima: No TPM chip found, activating TPM-bypass!
[   20.017819] evm: HMAC attrs: 0x1
[   20.018202]   Magic number: 12:440:482
[   20.018212] ata_device dev1.1: hash matches
[   20.018213]  dev1.1: hash matches
[   20.026440] rtc_cmos rtc_cmos: setting system clock to 2016-04-30 12:30:00 UTC (1462019400)
[   20.026551] BIOS EDD facility v0.16 2004-Jun-25, 0 devices found
[   20.026551] EDD information not available.
[   20.297735] tsc: Refined TSC clocksource calibration: 2301.237 MHz
[   20.297737] clocksource: tsc: mask: 0xffffffffffffffff max_cycles: 0x212bc596d18, max_idle_ns: 440795240071 ns
[   20.352153] Freeing unused kernel memory: 1476K (ffffffff81f41000 - ffffffff820b2000)
[   21.931753] Write protecting the kernel read-only data: 14336k
[   21.959901] Freeing unused kernel memory: 1872K (ffff88000182c000 - ffff880001a00000)
[   21.964672] Freeing unused kernel memory: 176K (ffff880001dd4000 - ffff880001e00000)
Loading, please wait...
starting version[   22.003560] random: systemd-udevd urandom read with 4 bits of entropy available
 229
[   22.111104] e1000: Intel(R) PRO/1000 Network Driver - version 7.3.21-k8-NAPI
[   22.115881] e1000: Copyright (c) 1999-2006 Intel Corporation.
[   22.137705] Fusion MPT base driver 3.04.20
[   22.150632] Copyright (c) 1999-2008 LSI Corporation
[   22.178569] Fusion MPT SPI Host driver 3.04.20
[   22.210490] AVX version of gcm_enc/dec engaged.
[   22.253670] AES CTR mode by8 optimization enabled
[   22.406254] input: ImExPS/2 Generic Explorer Mouse as /devices/platform/i8042/serio1/input/input4
[   22.646866] e1000 0000:00:03.0 eth0: (PCI:33MHz:32-bit) 02:ff:86:2d:ca:23
[   22.666893] e1000 0000:00:03.0 eth0: Intel(R) PRO/1000 Network Connection
[   23.290883] e1000 0000:00:08.0 eth1: (PCI:33MHz:32-bit) 08:00:27:6d:a6:fb
[   23.343112] e1000 0000:00:08.0 eth1: Intel(R) PRO/1000 Network Connection
[   23.378141] e1000 0000:00:03.0 enp0s3: renamed from eth0
[   23.416274] mptbase: ioc0: Initiating bringup
[   23.437789] e1000 0000:00:08.0 enp0s8: renamed from eth1
[   23.502113] ioc0: LSI53C1030 A0: Capabilities={Initiator}
[   23.699457] scsi host2: ioc0: LSI53C1030 A0, FwRev=00000000h, Ports=1, MaxQ=256, IRQ=20
[   23.829826] scsi 2:0:0:0: Direct-Access     VBOX     HARDDISK         1.0  PQ: 0 ANSI: 5
[   23.852943] scsi target2:0:0: Beginning Domain Validation
[   23.874382] scsi target2:0:0: Domain Validation skipping write tests
[   23.885577] scsi target2:0:0: Ending Domain Validation
[   23.901689] scsi target2:0:0: asynchronous
[   23.913885] scsi 2:0:1:0: Direct-Access     VBOX     HARDDISK         1.0  PQ: 0 ANSI: 5
[   23.972777] scsi target2:0:1: Beginning Domain Validation
[   23.983456] scsi target2:0:1: Domain Validation skipping write tests
[   24.002679] scsi target2:0:1: Ending Domain Validation
[   24.008310] scsi target2:0:1: asynchronous
[   24.026462] sd 2:0:0:0: Attached scsi generic sg0 type 0
[   24.026860] sd 2:0:0:0: [sda] 20971520 512-byte logical blocks: (10.7 GB/10.0 GiB)
[   24.027027] sd 2:0:0:0: [sda] Write Protect is off
[   24.027140] sd 2:0:0:0: [sda] Incomplete mode parameter data
[   24.027141] sd 2:0:0:0: [sda] Assuming drive cache: write through
[   24.028637]  sda: sda1
[   24.029498] sd 2:0:0:0: [sda] Attached SCSI disk
[   24.135535] sd 2:0:1:0: [sdb] 20480 512-byte logical blocks: (10.5 MB/10.0 MiB)
[   24.158693] sd 2:0:1:0: Attached scsi generic sg1 type 0
[   24.162535] sd 2:0:1:0: [sdb] Write Protect is off
[   24.181987] sd 2:0:1:0: [sdb] Incomplete mode parameter data
[   24.209624] sd 2:0:1:0: [sdb] Assuming drive cache: write through
[   24.233197] sd 2:0:1:0: [sdb] Attached SCSI disk
[   25.262179] floppy0: no floppy controllers found
Begin: Loading essential drivers[   26.791370] md: linear personality registered for level -1
 ... [   26.807385] md: multipath personality registered for level -4
[   26.824470] md: raid0 personality registered for level 0
[   26.859588] md: raid1 personality registered for level 1
[   26.969108] raid6: sse2x1   gen()  4560 MB/s
[   27.041088] raid6: sse2x1   xor()  5111 MB/s
[   27.113025] raid6: sse2x2   gen()  7228 MB/s
[   27.189412] raid6: sse2x2   xor()  5041 MB/s
[   27.260978] raid6: sse2x4   gen()  9665 MB/s
[   27.341110] raid6: sse2x4   xor()  5071 MB/s
[   27.378037] raid6: using algorithm sse2x4 gen() 9665 MB/s
[   27.393812] raid6: .... xor() 5071 MB/s, rmw enabled
[   27.406483] raid6: using ssse3x2 recovery algorithm
[   27.420037] xor: automatically using best checksumming function:
[   27.525010]    avx       : 19670.000 MB/sec
[   27.555767] async_tx: api initialized (async)
[   27.618086] md: raid6 personality registered for level 6
[   27.638196] md: raid5 personality registered for level 5
[   27.654714] md: raid4 personality registered for level 4
[   27.680424] md: raid10 personality registered for level 10
done.
Begin: Running /scripts/init-premount ... done.
Begin: Mounting root file system ... Begin: Running /scripts/local-top ... done.
Begin: Running /scripts/local-premount ... [   27.745372] Btrfs loaded
Scanning for Btrfs filesystems
done.
Warning: fsck no[   27.816379] EXT4-fs (sda1): mounted filesystem with ordered data mode. Opts: (null)
t present, so skipping root file system
done.
Begin: Running /scripts/local-bottom ... done.
Begin: Running /scripts/init-bottom ... Warning: overlayroot: debug is busted
done.
[   27.924494] systemd[1]: systemd 229 running in system mode. (+PAM +AUDIT +SELINUX +IMA +APPARMOR +SMACK +SYSVINIT +UTMP +LIBCRYPTSETUP +GCRYPT +GNUTLS +ACL +XZ -LZ4 +SECCOMP +BLKID +ELFUTILS +KMOD -IDN)
[   27.950594] systemd[1]: Detected virtualization oracle.
[   27.961864] systemd[1]: Detected architecture x86-64.

Welcome to [1mUbuntu 16.04 LTS[0m!

[   28.017494] systemd[1]: Set hostname to <ubuntu>.
[   28.039027] systemd[1]: Initializing machine ID from random generator.
[   28.040569] systemd[1]: Installed transient /etc/machine-id file.
[   28.213296] systemd[1]: Listening on Journal Audit Socket.
[[0;32m  OK  [0m] Listening on Journal Audit Socket.
[   28.253367] systemd[1]: Listening on /dev/initctl Compatibility Named Pipe.
[[0;32m  OK  [0m] Listening on /dev/initctl Compatibility Named Pipe.
[   28.301725] systemd[1]: Listening on Device-mapper event daemon FIFOs.
[[0;32m  OK  [0m] Listening on Device-mapper event daemon FIFOs.
[   28.345284] systemd[1]: Listening on udev Control Socket.
[[0;32m  OK  [0m] Listening on udev Control Socket.
[   28.377882] systemd[1]: Listening on Journal Socket.
[[0;32m  OK  [0m] Listening on Journal Socket.
[   28.405466] systemd[1]: Listening on Syslog Socket.
[[0;32m  OK  [0m] Listening on Syslog Socket.
[   28.434658] systemd[1]: Listening on LVM2 metadata daemon socket.
[[0;32m  OK  [0m] Listening on LVM2 metadata daemon socket.
[   28.457146] systemd[1]: Listening on Journal Socket (/dev/log).
[[0;32m  OK  [0m] Listening on Journal Socket (/dev/log).
[   28.493299] systemd[1]: Listening on udev Kernel Socket.
[[0;32m  OK  [0m] Listening on udev Kernel Socket.
[   28.535981] systemd[1]: Reached target Swap.
[[0;32m  OK  [0m] Reached target Swap.
[   28.553336] systemd[1]: Reached target Encrypted Volumes.
[[0;32m  OK  [0m] Reached target Encrypted Volumes.
[   28.571719] systemd[1]: Created slice System Slice.
[[0;32m  OK  [0m] Created slice System Slice.
[   28.605451] systemd[1]: Starting Journal Service...
         Starting Journal Service...
[   28.638129] systemd[1]: Mounting Huge Pages File System...
         Mounting Huge Pages File System...
[   28.669357] systemd[1]: Starting Uncomplicated firewall...
         Starting Uncomplicated firewall...
[   28.701153] systemd[1]: Starting Nameserver information manager...
         Starting Nameserver information manager...
[   28.737885] systemd[1]: Created slice system-serial\x2dgetty.slice.
[[0;32m  OK  [0m] Created slice system-serial\x2dgetty.slice.
[   28.777333] systemd[1]: Starting Monitoring of LVM2 mirrors, snapshots etc. using dmeventd or progress polling...
         Starting Monitoring of LVM2 mirrors... dmeventd or progress polling...
[   28.807033] systemd[1]: Starting Create list of required static device nodes for the current kernel...
         Starting Create list of required st... nodes for the current kernel...
[   28.869202] systemd[1]: Starting Remount Root and Kernel File Systems...
[   28.874052] EXT4-fs (sda1): re-mounted. Opts: (null)
         Starting Remount Root and Kernel File Systems...
[   28.930006] systemd[1]: Created slice User and Session Slice.
[[0;32m  OK  [0m] Created slice User and Session Slice.
[   28.965800] systemd[1]: Reached target Slices.
[[0;32m  OK  [0m] Reached target Slices.
[   29.014146] systemd[1]: Created slice system-getty.slice.
[[0;32m  OK  [0m] Created slice system-getty.slice.
[   29.065500] systemd[1]: Mounting Debug File System...
         Mounting Debug File System...
[   29.102491] systemd[1]: Reached target User and Group Name Lookups.
[[0;32m  OK  [0m] Reached target User and Group Name Lookups.
[   29.153573] systemd[1]: Started Forward Password Requests to Wall Directory Watch.
[[0;32m  OK  [0m] Started Forward Password Requests to Wall Directory Watch.
[   29.205314] systemd[1]: Listening on LVM2 poll daemon socket.
[[0;32m  OK  [0m] Listening on LVM2 poll daemon socket.
[   29.253614] systemd[1]: Mounting POSIX Message Queue File System...
         Mounting POSIX Message Queue File System...
[   29.297607] systemd[1]: Set up automount Arbitrary Executable File Formats File System Automount Point.
[[0;32m  OK  [0m] Set up automount Arbitrary Executab...ats File System Automount Point.
[   29.369569] systemd[1]: Starting Load Kernel Modules...
         [   29.389356] Loading iSCSI transport class v2.0-870.
Starting Load Kernel Modules...
[   29.430945] iscsi: registered transport (tcp)
[   29.433038] systemd[1]: Mounted Debug File System.
[[0;32m  OK  [0m] Mounted Debug File System.
[   29.507879] iscsi: registered transport (iser)
[   29.523549] systemd[1]: Mounted Huge Pages File System.
[[0;32m  OK  [0m] Mounted Huge Pages File System.
[   29.588447] systemd[1]: Mounted POSIX Message Queue File System.
[[0;32m  OK  [0m] Mounted POSIX Message Queue File System.
[   29.633514] sstemd1] Startd Journal Service.

[[0;32m  OK  [0m] Started Journal Service.
[[0;32m  OK  [0m] Started Uncomplicated firewall.
[[0;32m  OK  [0m] Started Create list of required sta...ce nodes for the current kernel.
[[0;32m  OK  [0m] Started Remount Root and Kernel File Systems.
[[0;32m  OK  [0m] Started Load Kernel Modules.
[[0;32m  OK  [0[   30.006904] random: nonblocking pool is initialized
m] Started Nameserver information manager.
[[0;32m  OK  [0m] Started LVM2 metadata daemon.
         Starting Apply Kernel Variables...
         Mounting FUSE Control File System...
         Starting Load/Save Random Seed...
         Starting udev Coldplug all Devices...
         Starting Create Static Device Nodes in /dev...
         Starting Flush Journal to Persistent Storage...
[[0;32m  OK  [0m] Mounted FUSE Control File System.
[[0;32m  OK  [0m] Started Apply Kernel Variables.
[[0;32m  OK  [0m] Started Load/Save Random Seed.
[[0;32m  OK  [0m] Started Create Static Device Nodes in /dev.
[[0;32m  OK  [0m] Started udev Coldplug all Devices.
[[0;32m  OK  [0m] Started Flush Journal to Persistent Storage.
         Starting udev Kernel Device Manager...
[[0;32m  OK  [0m] Started udev Kernel Device Manager.
[[0;32m  OK  [0m] Started Dispatch Password Requests to Console Directory Watch.
[[0;32m  OK  [0m] Found device /dev/ttyS0.
[[0;32m  OK  [0m] Started Monitoring of LVM2 mirrors,...ng dmeventd or progress polling.
[[0;32m  OK  [0m] Listening on Load/Save RF Kill Switch Status /dev/rfkill Watch.
[[0;32m  OK  [0m] Reached target Local File Systems (Pre).
[[0;32m  OK  [0m] Reached target Local File Systems.
         Starting Set console keymap...
         Starting Commit a transient machine-id on disk...
         Starting Initial cloud-init job (pre-networking)...
         Starting Create Volatile Files and Directories...
         Starting Tell Plymouth To Write Out Runtime Data...
         Starting LSB: AppArmor initialization...
[[0;32m  OK  [0m] Started Set console keymap.
[[0;32m  OK  [0m] Started Commit a transient machine-id on disk.
[[0;32m  OK  [0m] Started Create Volatile Files and Directories.
[[0;32m  OK  [0m] Started Tell Plymouth To Write Out Runtime Data.
         Starting Network Time Synchronization...
         Starting Update UTMP about System Boot/Shutdown...
[[0;32m  OK  [0m] Started Network Time Synchronization.
[[0;32m  OK  [0m] Started Update UTMP about System Boot/Shutdown.
[[0;32m  OK  [0m] Reached target System Time Synchronized.
[[0;32m  OK  [0m] Started LSB: AppArmor initialization.
[[0;32m  OK  [0m] Reached target System Initialization.
[[0;32m  OK  [0m] Listening on D-Bus System Message Bus Socket.
         Starting Socket activation for snappy daemon.
[[0;32m  OK  [0m] Started Daily Cleanup of Temporary Directories.
[[0;32m  OK  [0m] Started ACPI Events Check.
         Starting LXD - unix socket.
         Starting Seed the pseudo random number generator on first boot...
[[0;32m  OK  [0m] Started Trigger resolvconf update for networkd DNS.
[[0;32m  OK  [0m] Reached target Paths.
[[0;32m  OK  [0m] Listening on UUID daemon activation socket.
[[0;32m  OK  [0m] Started Daily apt activities.
[   16.916468] [cloud-init[0;32m  OK  [0m[627]: ] Cloud-init v. 0.7.7 running 'init-local' at Sat, 30 Apr 2016 12:30:12 +0000. Up 16.44 seconds.Reached target Timers.

[[0;32m  OK  [0m] Listening on ACPID Listen Socket.
[[0;32m  OK  [0m] Listening on Socket activation for snappy daemon.
[[0;32m  OK  [0m] Listening on LXD - unix socket.
[[0;32m  OK  [0m] Started Initial cloud-init job (pre-networking).
[[0;32m  OK  [0m] Reached target Network (Pre).
         Starting Raise network interfaces...
[[0;32m  OK  [0m] Reached target Sockets.
[[0;32m  OK  [0m] Reached target Basic System.
         Starting Login Service...
[[0;32m  OK  [0m] Started FUSE filesystem for LXC.
[[0;32m  OK  [0m] Started D-Bus System Message Bus.
         Starting LSB: MD monitoring daemon...
[[0;32m  OK  [0m] Started Regular background program processing daemon.
         Starting LSB: Record successful boot for GRUB...
[[0;32m  OK  [0m] Started Deferred execution scheduler.
[[0;32m  OK  [0m] Started ACPI event daemon.
         Starting LXD - container startup/shutdown...
         Starting System Logging Service...
         Starting Accounts Service...
[[0;32m  OK  [0m] Started Seed the pseudo random number generator on first boot.
[[0;32m  OK  [0m] Started System Logging Service.
[[0;32m  OK  [0m] Started LSB: MD monitoring daemon.
[[0;32m  OK  [0m] Started LSB: Record successful boot for GRUB.
[[0;32m  OK  [0m] Started Login Service.
         Starting Authenticate and Authorize Users to Run Privileged Tasks...
[[0;32m  OK  [0m] Started LXD - container startup/shutdown.
[[0;32m  OK  [0m] Started Authenticate and Authorize Users to Run Privileged Tasks.
[[0;32m  OK  [0m] Started Accounts Service.
[[0;32m  OK  [0m] Started ifup for enp0s3.
[[0;32m  OK  [0m] Found device 82540EM Gigabit Ethern...r (PRO/1000 MT Desktop Adapter).
[[0;32m  OK  [0m] Started Raise network interfaces.
[[0;32m  OK  [0m] Reached target Network.
         Starting Initial cloud-init job (metadata service crawler)...
[   19.643142] cloud-init[1033]: Cloud-init v. 0.7.7 running 'init' at Sat, 30 Apr 2016 12:30:14 +0000. Up 18.39 seconds.
[   19.684930] cloud-init[1033]: ci-info: ++++++++++++++++++++++++++++++++++++++Net device info++++++++++++++++++++++++++++++++++++++
[   19.744981] cloud-init[1033]: ci-info: +--------+-------+----------------------------+---------------+-------+-------------------+
[[0;32m  OK  [0m] [   19.745395] Started Initial cloud-init job (metadata service crawler).cloud-init
[1033]: ci-info: | Device |   Up  |          Address           |      Mask     | Scope |     Hw-Address    |
[   19.896976] cloud-init[1033]: ci-info: +--------+-------+----------------------------+---------------+-------+-------------------+
[   19.897307] cloud-init[1033]: ci-info: |   lo   |  True |         127.0.0.1          |   255.0.0.0   |   .   |         .         |
[[0;32m  OK  [0m] Reached target Cloud-config availability.
[   19.897589] cloud-init[1033]: ci-info: |   lo   |  True |          ::1/128           |       .       |  host |         .         |
[   20.128516] cloud-init[1033]: ci-info: | enp0s3 |  True |         10.0.2.15          | 255.255.255.0 |   .   | 02:ff:86:2d:ca:23 |
[   20.128913] cloud-init[1033]: ci-info: | enp0s3 |  True | fe80::ff:86ff:fe2d:ca23/64 |       .       |  link | 02:ff:86:2d:ca:23 |
         Starting OpenBSD Secure Shell server...
[[   20.129099] cloud-init[1033]: ci-info: | enp0s8 | False |             .              |       .       |   .   | 08:00:27:6d:a6:fb |
[0;32m  OK  [0m] Reached target Network is Online.
[   20.286044] cloud-init[1033]: ci-info: +--------+-------+----------------------------+---------------+-------+-------------------+
         [   20.396399] Starting iSCSI initiator daemon (iscsid)...cloud-init
[1033]: ci-info: +++++++++++++++++++++++++++Route IPv4 info++++++++++++++++++++++++++++
[   20.468896] cloud-init[1033]: ci-info: +-------+-------------+----------+---------------+-----------+-------+
[   20.469501] cloud-init[1033]: ci-info: | Route | Destination | Gateway  |    Genmask    | Interface | Flags |
         Starting Apply the settings specified in cloud-config...
[   20.469645] cloud-init[1033]: ci-info: +-------+-------------+----------+---------------+-----------+-------+
[   20.584383] cloud-init[1033]: ci-info: |   0   |   0.0.0.0   | 10.0.2.2 |    0.0.0.0    |   enp0s3  |   UG  |
[   20.584752] cloud-init[1033]: ci-info: |   1   |   10.0.2.0  | 0.0.0.0  | 255.255.255.0 |   enp0s3  |   U   |
         Starting /etc/rc.local Compatibility...
[   20.584974] cloud-init[1033]: ci-info: +-------+-------------+----------+---------------+-----------+-------+
[   20.769641] cloud-init[1033]: Generating public/private rsa key pair.
[   20.769942] cloud-init[1033]: Your identification has been saved in /etc/ssh/ssh_host_rsa_key.
[[0;32m  OK  [0m] Started OpenBSD Secure Shell server.
[   20.770137] cloud-init[1033]: Your public key has been saved in /etc/ssh/ssh_host_rsa_key.pub.
[   20.932714] cloud-init[1033]: The key fingerprint is:
[   20.933319] cloud-init[1033]: SHA256:hfqXl5q8S7uFezd7tSusn1D/wD+IBORj5kQp4zfxt5w root@ubuntu-xenial
[[0;32m  OK  [0m] Started /etc/rc.local Compatibility.
[   20.933680] cloud-init[1033]: The key's randomart image is:
[   20.960521] cloud-init[1033]: +---[RSA 2048]----+
[   20.960874] cloud-init[1033]: |          .      |
[[0;32m  OK  [0m] Started iSCSI initiator daemon (iscsid).
[   20.961053] cloud-init[1033]: |       o *       |
[   21.076392] cloud-init[1033]: |      . B +      |
         Starting Login to default iSCSI targets...
[   21.077135] cloud-init[1033]: |       o @ . .   |
[   21.144442] cloud-init[1033]: |      . S + o.o  |
[   21.177523] cloud-init[1033]: |       . . +.E. .|
[   21.196646] cloud-init[1033]: |        . *.* +.o|
[   21.220424] cloud-init[1033]: |         + Oo++=o|
[   21.220754] cloud-init[1033]: |          X*o+o==|
[[0;32m  OK  [0m] Started Login to default iSCSI targets.
[   21.220937] cloud-init[1033]: +----[SHA256]-----+
[   21.324563] cloud-init[1033]: Generating public/private dsa key pair.
[   21.325003] cloud-init[1033]: Your identification has been saved in /etc/ssh/ssh_host_dsa_key.
[[0;32m  OK  [0m] Reached target Remote File Systems (Pre).
[   21.325230] cloud-init[1033]: Your public key has been saved in /etc/ssh/ssh_host_dsa_key.pub.
[   21.428813] cloud-init[1033]: The key fingerprint is:
[[0;32m  OK  [0m] Reached target Remote File Systems.
[   21.429131] cloud-init[1033]: SHA256:Rzv3c4vB6zZq0d8mDMLTHZOJzlsu42IwzD68TOMYxVg root@ubuntu-xenial
         [   21.635966] cloud-init[1033]: The key's randomart image is:
[   21.636632] cloud-init[1033]: +---[DSA 1024]----+
[   21.636845] cloud-init[1033]: |                 |
[   21.637024] cloud-init[1033]: |                 |
[   21.637235] cloud-init[1033]: |        E .  . o |
[   21.637430] cloud-init[1033]: |       + . .. =  |
[   21.637627] cloud-init[1033]: |      .oS.++o. o |
Starting LSB: daemon to balance interrupts for SMP systems...
[   21.637844] cloud-init[1033]: |       .=.++*oo  |
[   21.796551] cloud-init[1033]: |      .ooo o.O+ o|
[   21.796827] cloud-init[1033]: |       *+.o.+oB++|
         Starting LSB: automatic crash report generation...
[   21.797158] cloud-init[1033]: |      . ++.+=*.+ |
[   21.897518] cloud-init[1033]: +----[SHA256]-----+
[   21.898052] cloud-init[1033]: Generating public/private ecdsa key pair.
[   21.898428] cloud-init[1033]: Your identification has been saved in /etc/ssh/ssh_host_ecdsa_key.
[   21.898549] cloud-init[1033]: Your public key has been saved in /etc/ssh/ssh_host_ecdsa_key.pub.
         Starting Permit User Sessions...
[   21.898679] cloud-init[1033]: The key fingerprint is:
[   22.060814] cloud-init[1033]: SHA256:oqpKl5rXilZl7Gk47uTqkATAQapBYII9kwDqDlyLHJk root@ubuntu-xenial
[   22.061478] cloud-init[1033]: The key's randomart image is:
         Starting LSB: Set the CPU Frequency Scaling governor to "ondemand"...
[   22.062113] cloud-init[1033]: +---[ECDSA 256]---+
[   22.248513] cloud-init[1033]: |%B..             |
[   22.249125] cloud-init[1033]: |O.B              |
[[0;32m  OK  [0m] Started Permit User Sessions.
[   22.249369] cloud-init[1033]: |=E +.            |
[   22.360447] cloud-init[1033]: |*.+ .+           |
[   22.384826] cloud-init[1033]: |o* .= o S        |
         Starting Terminate Plymouth Boot Screen...
[   22.387348] cloud-init[1033]: |+. +.= .         |
[   22.427318] cloud-init[1033]: |ooo+=            |
[   22.452849] cloud-init[1033]: |o.B+ .           |
[   22.453236] cloud-init[1033]: |*B=+.            |
         Starting Hold until boot process finishes up...
[   22.453422] cloud-init[1033]: +----[SHA256]-----+
[   22.552419] cloud-init[1033]: Generating public/private ed25519 key pair.
[   22.552801] cloud-init[1033]: Your identification has been saved in /etc/ssh/ssh_host_ed25519_key.
[[0;32m  OK  [0m] Started LSB: daemon to balance interrupts for SMP systems.
[   22.552977] cloud-init[1033]: Your public key has been saved in /etc/ssh/ssh_host_ed25519_key.pub.
[   22.732444] cloud-init[1033]: The key fingerprint is:
[   22.732915] cloud-init[1033]: SHA256:apdLWoG7kqngOgkBmAL0NGvCvO0CbqOvT2Xjmrg6wEc root@ubuntu-xenial
[[0;32m  OK  [0m] Started LSB: automatic crash report generation.
[[   22.733313] cloud-init[1033]: The key's randomart image is:
[   22.865454] cloud-init[1033]: +--[ED25519 256]--+
[0;32m  OK  [0m] Started LSB: Set the CPU Frequency Scaling governor to "ondemand".
[   22.865930] cloud-init[1033]: |=o o             |
[   22.945653] cloud-init[1033]: |B o o            |
[   22.946305] cloud-init[1033]: |o+ +             |
[[0;32m  OK  [0m] Started Terminate Plymouth Boot Screen.
[   22.946684] cloud-init[1033]: |. =E   .         |
[   23.064742] cloud-init[1033]: |oo..+ . S        |
[   23.065535] cloud-init[1033]: |=..= . o o       |
[[0;32m  OK  [0m] Started Hold until boot process finishes up.
[   23.066440] cloud-init[1033]: |+*o..o+ =        |
[   23.170499] cloud-init[1033]: |B+oo+. * .       |
[   23.170945] cloud-init[1033]: |XO*. .o .        |
         Stopping OpenBSD Secure Shell server...
[   23.171126] cloud-init[1033]: +----[SHA256]-----+
[[0;32m  OK  [0m] Started Serial Getty on ttyS0.
[   23.250205] cloud-init[1130]: Generating locales (this might take a while)...
[[   23.300493] cloud-init[1130]:   en_US.UTF-8... done
[   23.301284] cloud-init[1130]: Generation complete.
[0;32m  OK  [0m] Started Getty on tty1.
[[0;32m  OK  [0m] Reached target Login Prompts.
[[0;32m  OK  [0m] Stopped OpenBSD Secure Shell server.
         Starting OpenBSD Secure Shell server...
[[0;32m  OK  [0m] Started OpenBSD Secure Shell server.
[[0;32m  OK  [0m] Created slice User Slice of ubuntu.
         Starting User Manager for UID 1000...
[[0;32m  OK  [0m] Started User Manager for UID 1000.
[   23.804908] [cloud-init[0;32m  OK  [0m[1130]: ] Cloud-init v. 0.7.7 running 'modules:config' at Sat, 30 Apr 2016 12:30:17 +0000. Up 20.78 seconds.Started Session 1 of user ubuntu.

[[0;32m  OK  [0m] Started Apply the settings specified in cloud-config.
         Starting Execute cloud user/final scripts...
ci-info: no authorized ssh keys fingerprints found for user ubuntu.
<14>Apr 30 12:30:21 ec2: 
<14>Apr 30 12:30:21 ec2: #############################################################
<14>Apr 30 12:30:21 ec2: -----BEGIN SSH HOST KEY FINGERPRINTS-----
<14>Apr 30 12:30:21 ec2: 1024 SHA256:Rzv3c4vB6zZq0d8mDMLTHZOJzlsu42IwzD68TOMYxVg root@ubuntu-xenial (DSA)
<14>Apr 30 12:30:21 ec2: 256 SHA256:oqpKl5rXilZl7Gk47uTqkATAQapBYII9kwDqDlyLHJk root@ubuntu-xenial (ECDSA)
<14>Apr 30 12:30:21 ec2: 256 SHA256:apdLWoG7kqngOgkBmAL0NGvCvO0CbqOvT2Xjmrg6wEc root@ubuntu-xenial (ED25519)
<14>Apr 30 12:30:21 ec2: 2048 SHA256:hfqXl5q8S7uFezd7tSusn1D/wD+IBORj5kQp4zfxt5w root@ubuntu-xenial (RSA)
<14>Apr 30 12:30:21 ec2: -----END SSH HOST KEY FINGERPRINTS-----
<14>Apr 30 12:30:21 ec2: #############################################################
-----BEGIN SSH HOST KEY KEYS-----
ecdsa-sha2-nistp256 AAAAE2VjZHNhLXNoYTItbmlzdHAyNTYAAAAIbmlzdHAyNTYAAABBBOelew7dKH98DYenXHAYfAddAm3dKrR5hCW7QSk2LPj07NrCQcLhM4+HLjartIpzw5Q0Wc4oI0WHaTVQzILzVwk= root@ubuntu-xenial
ssh-ed25519 AAAAC3NzaC1lZDI1NTE5AAAAIAQ0HSze6LD7k4yqu0JiRYEvgs+faKACbDqqJeq6CEo+ root@ubuntu-xenial
ssh-rsa AAAAB3NzaC1yc2EAAAADAQABAAABAQDLqcrZ2VgLG93gGYGwEQ6gyLSs/p/fEG1o4J/7Esg3+wtbi4JgSmoULwqo9zgoKcd1HeMI6XYcTROCqK772y1hesgb3i5ooB6WynlUlbov03qUa7cO4oX3wH9wtL7H075y3aLRXDDWzomZGsNQeeuZ/L90KJLOkCrrsJ3ue7XIU/ZVePRG05ChuKKwoKdunaxnOuVhZ+QWpNDKg+IforTyNYeufWboqVGxVwwn/WQIgxUx+WG8/fA4X3XXDo9Jrj7gPBvhYZc+BDiZ9HcarQ2b0lh78m6+FwNb77t8j7jq+e/+QpAbjnjbuBdAwA/qjtD83g7/xO+D56c/Y5xYkNJd root@ubuntu-xenial
-----END SSH HOST KEY KEYS-----
[   24.833229] cloud-init[1295]: Cloud-init v. 0.7.7 running 'modules:final' at Sat, 30 Apr 2016 12:30:20 +0000. Up 24.42 seconds.
[   24.854508] cloud-init[1295]: ci-info: no authorized ssh keys fingerprints found for user ubuntu.
[   24.869366] cloud-init[1295]: Cloud-init v. 0.7.7 finished at Sat, 30 Apr 2016 12:30:21 +0000. Datasource DataSourceNoCloudNet [seed=/dev/sdb][dsmode=net].  Up 24.82 seconds
[[0;32m  OK  [0m] Started Execute cloud user/final scripts.
[[0;32m  OK  [0m] Reached target Cloud-init target.
[[0;32m  OK  [0m] Reached target Multi-User System.
[[0;32m  OK  [0m] Reached target Graphical Interface.
         Starting Update UTMP about System Runlevel Changes...
[[0;32m  OK  [0m] Started Update UTMP about System Runlevel Changes.

Ubuntu 16.04 LTS ubuntu-xenial ttyS0

ubuntu-xenial login: 